  Application.cpp
  EngineMesh.cpp
C:\Users\lukas\Documents\Projekte\UPC\upcpersonalengine\Source\EngineMesh.cpp(47,90): warning C4244: "Argument": Konvertierung von "const _Ty" in "float", möglicher Datenverlust
C:\Users\lukas\Documents\Projekte\UPC\upcpersonalengine\Source\EngineMesh.cpp(47,90): warning C4244:         with
C:\Users\lukas\Documents\Projekte\UPC\upcpersonalengine\Source\EngineMesh.cpp(47,90): warning C4244:         [
C:\Users\lukas\Documents\Projekte\UPC\upcpersonalengine\Source\EngineMesh.cpp(47,90): warning C4244:             _Ty=double
C:\Users\lukas\Documents\Projekte\UPC\upcpersonalengine\Source\EngineMesh.cpp(47,90): warning C4244:         ]
C:\Users\lukas\Documents\Projekte\UPC\upcpersonalengine\Source\EngineMesh.cpp(47,69): warning C4244: "Argument": Konvertierung von "const _Ty" in "float", möglicher Datenverlust
C:\Users\lukas\Documents\Projekte\UPC\upcpersonalengine\Source\EngineMesh.cpp(47,69): warning C4244:         with
C:\Users\lukas\Documents\Projekte\UPC\upcpersonalengine\Source\EngineMesh.cpp(47,69): warning C4244:         [
C:\Users\lukas\Documents\Projekte\UPC\upcpersonalengine\Source\EngineMesh.cpp(47,69): warning C4244:             _Ty=double
C:\Users\lukas\Documents\Projekte\UPC\upcpersonalengine\Source\EngineMesh.cpp(47,69): warning C4244:         ]
C:\Users\lukas\Documents\Projekte\UPC\upcpersonalengine\Source\EngineMesh.cpp(47,48): warning C4244: "Argument": Konvertierung von "const _Ty" in "float", möglicher Datenverlust
C:\Users\lukas\Documents\Projekte\UPC\upcpersonalengine\Source\EngineMesh.cpp(47,48): warning C4244:         with
C:\Users\lukas\Documents\Projekte\UPC\upcpersonalengine\Source\EngineMesh.cpp(47,48): warning C4244:         [
C:\Users\lukas\Documents\Projekte\UPC\upcpersonalengine\Source\EngineMesh.cpp(47,48): warning C4244:             _Ty=double
C:\Users\lukas\Documents\Projekte\UPC\upcpersonalengine\Source\EngineMesh.cpp(47,48): warning C4244:         ]
C:\Users\lukas\Documents\Projekte\UPC\upcpersonalengine\Source\EngineMesh.cpp(51,90): warning C4244: "Argument": Konvertierung von "const _Ty" in "float", möglicher Datenverlust
C:\Users\lukas\Documents\Projekte\UPC\upcpersonalengine\Source\EngineMesh.cpp(51,90): warning C4244:         with
C:\Users\lukas\Documents\Projekte\UPC\upcpersonalengine\Source\EngineMesh.cpp(51,90): warning C4244:         [
C:\Users\lukas\Documents\Projekte\UPC\upcpersonalengine\Source\EngineMesh.cpp(51,90): warning C4244:             _Ty=double
C:\Users\lukas\Documents\Projekte\UPC\upcpersonalengine\Source\EngineMesh.cpp(51,90): warning C4244:         ]
C:\Users\lukas\Documents\Projekte\UPC\upcpersonalengine\Source\EngineMesh.cpp(51,69): warning C4244: "Argument": Konvertierung von "const _Ty" in "float", möglicher Datenverlust
C:\Users\lukas\Documents\Projekte\UPC\upcpersonalengine\Source\EngineMesh.cpp(51,69): warning C4244:         with
C:\Users\lukas\Documents\Projekte\UPC\upcpersonalengine\Source\EngineMesh.cpp(51,69): warning C4244:         [
C:\Users\lukas\Documents\Projekte\UPC\upcpersonalengine\Source\EngineMesh.cpp(51,69): warning C4244:             _Ty=double
C:\Users\lukas\Documents\Projekte\UPC\upcpersonalengine\Source\EngineMesh.cpp(51,69): warning C4244:         ]
C:\Users\lukas\Documents\Projekte\UPC\upcpersonalengine\Source\EngineMesh.cpp(51,48): warning C4244: "Argument": Konvertierung von "const _Ty" in "float", möglicher Datenverlust
C:\Users\lukas\Documents\Projekte\UPC\upcpersonalengine\Source\EngineMesh.cpp(51,48): warning C4244:         with
C:\Users\lukas\Documents\Projekte\UPC\upcpersonalengine\Source\EngineMesh.cpp(51,48): warning C4244:         [
C:\Users\lukas\Documents\Projekte\UPC\upcpersonalengine\Source\EngineMesh.cpp(51,48): warning C4244:             _Ty=double
C:\Users\lukas\Documents\Projekte\UPC\upcpersonalengine\Source\EngineMesh.cpp(51,48): warning C4244:         ]
C:\Users\lukas\Documents\Projekte\UPC\upcpersonalengine\Source\EngineMesh.cpp(169,31): warning C4267: "Argument": Konvertierung von "size_t" nach "GLsizei", Datenverlust möglich
  EngineModel.cpp
  Main.cpp
C:\Users\lukas\Documents\Projekte\UPC\upcpersonalengine\Source\Main.cpp(62,38): warning C4244: "Argument": Konvertierung von "const Uint64" in "const float", möglicher Datenverlust
  ModuleCamera.cpp
C:\Users\lukas\Documents\Projekte\UPC\upcpersonalengine\Source\ModuleCamera.cpp(46,77): warning C4244: "Argument": Konvertierung von "int" in "float", möglicher Datenverlust
C:\Users\lukas\Documents\Projekte\UPC\upcpersonalengine\Source\ModuleCamera.cpp(51,80): warning C4244: "Argument": Konvertierung von "double" in "float", möglicher Datenverlust
C:\Users\lukas\Documents\Projekte\UPC\upcpersonalengine\Source\ModuleCamera.cpp(54,89): warning C4244: "Argument": Konvertierung von "double" in "float", möglicher Datenverlust
C:\Users\lukas\Documents\Projekte\UPC\upcpersonalengine\Source\ModuleCamera.cpp(128,49): warning C4244: "return": Konvertierung von "double" in "float", möglicher Datenverlust
  ModuleDebugDraw.cpp
  ModuleEditor.cpp
C:\Users\lukas\Documents\Projekte\UPC\upcpersonalengine\Source\ModuleEditor.cpp(165,67): warning C4267: "Argument": Konvertierung von "size_t" nach "int", Datenverlust möglich
C:\Users\lukas\Documents\Projekte\UPC\upcpersonalengine\Source\ModuleEditor.cpp(166,82): warning C4267: "Argument": Konvertierung von "size_t" nach "int", Datenverlust möglich
  ModuleInput.cpp
  ModuleModel.cpp
  ModuleOpenGL.cpp
  ModuleProgram.cpp
  ModuleTexture.cpp
C:\Users\lukas\Documents\Projekte\UPC\upcpersonalengine\Source\ModuleTexture.cpp(66,43): warning C4267: "=": Konvertierung von "size_t" nach "int", Datenverlust möglich
C:\Users\lukas\Documents\Projekte\UPC\upcpersonalengine\Source\ModuleTexture.cpp(67,44): warning C4267: "=": Konvertierung von "size_t" nach "int", Datenverlust möglich
C:\Users\lukas\Documents\Projekte\UPC\upcpersonalengine\Source\ModuleTexture.cpp(105,97): warning C4267: "Argument": Konvertierung von "size_t" nach "GLsizei", Datenverlust möglich
C:\Users\lukas\Documents\Projekte\UPC\upcpersonalengine\Source\ModuleTexture.cpp(105,69): warning C4267: "Argument": Konvertierung von "size_t" nach "GLsizei", Datenverlust möglich
  ModuleWindow.cpp
  log.cpp
  Code wird generiert.
  241 of 6493 functions ( 3.7%) were compiled, the rest were copied from previous compilation.
    64 functions were new in current compilation
    379 functions had inline decision re-evaluated but remain unchanged
  Codegenerierung ist abgeschlossen.
  Engine.vcxproj -> C:\Users\lukas\Documents\Projekte\UPC\upcpersonalengine\Source\x64\Release\Engine.exe
